#
# A fatal error has been detected by the Java Runtime Environment:
#
#  EXCEPTION_ACCESS_VIOLATION (0xc0000005) at pc=0x00000282c9c77587, pid=8676, tid=9132
#
# JRE version: OpenJDK Runtime Environment Temurin-17.0.10+7 (17.0.10+7) (build 17.0.10+7)
# Java VM: OpenJDK 64-Bit Server VM Temurin-17.0.10+7 (17.0.10+7, mixed mode, tiered, compressed oops, compressed class ptrs, parallel gc, windows-amd64)
# Problematic frame:
# v  ~BufferBlob::I2C/C2I adapters
#
# No core dump will be written. Minidumps are not enabled by default on client versions of Windows
#
# If you would like to submit a bug report, please visit:
#   https://github.com/adoptium/adoptium-support/issues
#

---------------  S U M M A R Y ------------

Command Line: --add-modules=ALL-SYSTEM --add-opens=java.base/java.util=ALL-UNNAMED --add-opens=java.base/java.lang=ALL-UNNAMED --add-opens=java.base/sun.nio.fs=ALL-UNNAMED -Declipse.application=org.eclipse.jdt.ls.core.id1 -Dosgi.bundles.defaultStartLevel=4 -Declipse.product=org.eclipse.jdt.ls.core.product -Djava.import.generatesMetadataFilesAtProjectRoot=false -DDetectVMInstallationsJob.disabled=true -Dfile.encoding=utf8 -XX:+UseParallelGC -XX:GCTimeRatio=4 -XX:AdaptiveSizePolicyWeight=90 -Dsun.zip.disableMemoryMapping=true -Xmx1G -Xms100m -Xlog:disable -javaagent:c:\Users\hrish\.vscode\extensions\redhat.java-1.28.1-win32-x64\lombok\lombok-1.18.31.jar -XX:+HeapDumpOnOutOfMemoryError -XX:HeapDumpPath=c:\Users\hrish\AppData\Roaming\Code\User\workspaceStorage\a3a3125bfb11ad5ff8687cbc75eb15c4\redhat.java -Daether.dependencyCollector.impl=bf c:\Users\hrish\.vscode\extensions\redhat.java-1.28.1-win32-x64\server\plugins\org.eclipse.equinox.launcher_1.6.700.v20231214-2017.jar -configuration c:\Users\hrish\AppData\Roaming\Code\User\globalStorage\redhat.java\1.28.1\config_win -data c:\Users\hrish\AppData\Roaming\Code\User\workspaceStorage\a3a3125bfb11ad5ff8687cbc75eb15c4\redhat.java\jdt_ws --stdio

Host: Intel(R) Core(TM) i3-8130U CPU @ 2.20GHz, 4 cores, 11G,  Windows 11 , 64 bit Build 22621 (10.0.22621.3085)
Time: Wed Feb 21 15:37:51 2024 India Standard Time elapsed time: 3078.704227 seconds (0d 0h 51m 18s)

---------------  T H R E A D  ---------------

Current thread (0x00000282db140b90):  JavaThread "Worker-9" [_thread_in_Java, id=9132, stack(0x000000f407b00000,0x000000f407c00000)]

Stack: [0x000000f407b00000,0x000000f407c00000],  sp=0x000000f407bff488,  free space=1021k
Native frames: (J=compiled Java code, j=interpreted, Vv=VM code, C=native code)
C  0x00000282c9c77587

The last pc belongs to I2C/C2I adapters (printed below).

siginfo: EXCEPTION_ACCESS_VIOLATION (0xc0000005), writing address 0x000002831e65fee4


Registers:
RAX=0x00000282c9c595bb, RBX=0x00000282d5150e00, RCX=0x00000282d62a6c50, RDX=0x00000282c9c595bb
RSP=0x000000f407bff488, RBP=0x000000f407bff510, RSI=0x0000000000000003, RDI=0x00000000000cd139
R8 =0x0000000000000001, R9 =0x0000000000000003, R10=0x00007ffeccea60a0, R11=0x000000f407bff488
R12=0x0000000000000000, R13=0x000000f407bff490, R14=0x000000f407bff568, R15=0x00000282db140b90
RIP=0x00000282c9c77587, EFLAGS=0x0000000000010246


Register to memory mapping:

RIP=0x00000282c9c77587 is at code_begin+7 in an AdapterHandler
Adapter for signature: 0x00000282c9c77587 is at code_begin+7 in 
[CodeBlob (0x00000282c9c77510)]
Framesize: 0
BufferBlob (0x00000282c9c77510) used for I2C/C2I adapters
RAX=0x00000282c9c595bb is at code_begin+1307 in an Interpreter codelet
return entry points  [0x00000282c9c590a0, 0x00000282c9c59b80]  2784 bytes
RBX={method} {0x00000282d5150e08} 'min' '(JJ)J' in 'java/lang/Math'
RCX=0x00000282d62a6c50 is pointing into metadata
RDX=0x00000282c9c595bb is at code_begin+1307 in an Interpreter codelet
return entry points  [0x00000282c9c590a0, 0x00000282c9c59b80]  2784 bytes
RSP=0x000000f407bff488 is pointing into the stack for thread: 0x00000282db140b90
RBP=0x000000f407bff510 is pointing into the stack for thread: 0x00000282db140b90
RSI=0x0000000000000003 is an unknown value
RDI=0x00000000000cd139 is an unknown value
R8 =0x0000000000000001 is an unknown value
R9 =0x0000000000000003 is an unknown value
R10=0x00007ffeccea60a0 jvm.dll
R11=0x000000f407bff488 is pointing into the stack for thread: 0x00000282db140b90
R12=0x0 is NULL
R13=0x000000f407bff490 is pointing into the stack for thread: 0x00000282db140b90
R14=0x000000f407bff568 is pointing into the stack for thread: 0x00000282db140b90
R15=0x00000282db140b90 is a thread


Top of Stack: (sp=0x000000f407bff488)
0x000000f407bff488:   00000282c9c595bb 000000000000ea60
0x000000f407bff498:   0000000000000000 00000000000cd139
0x000000f407bff4a8:   0000000000000000 00000000c0614cd0
0x000000f407bff4b8:   0000000000000003 0000000000000000
0x000000f407bff4c8:   000000f407bff4b8 00000282d62a6936
0x000000f407bff4d8:   000000f407bff568 00000282d62a6c50
0x000000f407bff4e8:   0000000000000000 00000000c0627950
0x000000f407bff4f8:   00000282d62a6b18 000000f407bff490
0x000000f407bff508:   000000f407bff560 000000f407bff5c0
0x000000f407bff518:   00000282c9c59645 0000000000000000
0x000000f407bff528:   00000000c0614cd0 00000000000cd139
0x000000f407bff538:   0000000000000000 00000000002dc8b7
0x000000f407bff548:   0000000000000000 0000000000000000
0x000000f407bff558:   0000000000000001 00000000eb71bf18
0x000000f407bff568:   00000000c0614cd0 00000000eb71bf18
0x000000f407bff578:   000000f407bff578 00000282d628f875
0x000000f407bff588:   000000f407bff600 00000282d6377560
0x000000f407bff598:   0000000000000000 00000000c0628308
0x000000f407bff5a8:   00000282d628f9e8 000000f407bff560
0x000000f407bff5b8:   000000f407bff600 000000f407bff7e0
0x000000f407bff5c8:   00000282c9c51010 0000000000000000
0x000000f407bff5d8:   0000000000000000 0000000000000000
0x000000f407bff5e8:   0000000000000000 00000000eb0b0c08
0x000000f407bff5f8:   00000000c056f7e8 00000000eb71bf18
0x000000f407bff608:   0000000000000000 0000000000000000
0x000000f407bff618:   0000000000000000 0000000000000000
0x000000f407bff628:   0000000000000000 0000000000000000
0x000000f407bff638:   0000000000000000 0000000000000000
0x000000f407bff648:   00007ffecc678062 0000000000000000
0x000000f407bff658:   0000000000000000 0000000000000000
0x000000f407bff668:   0000000000000000 00000001000474c0
0x000000f407bff678:   00000282d3e73d90 000000f407bff9c0 

Instructions: (pc=0x00000282c9c77587)
0x00000282c9c77487:   8b 44 24 70 48 89 44 24 30 48 8b 44 24 78 48 89
0x00000282c9c77497:   44 24 28 48 8b 84 24 80 00 00 00 48 89 44 24 20
0x00000282c9c774a7:   48 8b 84 24 88 00 00 00 48 89 44 24 18 48 8b 84
0x00000282c9c774b7:   24 90 00 00 00 48 89 44 24 10 48 8b 84 24 98 00
0x00000282c9c774c7:   00 00 48 89 44 24 08 48 8b 4b 38 ff e1 f4 f4 f4
0x00000282c9c774d7:   f4 00 00 00 00 00 00 00 00 00 00 00 00 00 00 00
0x00000282c9c774e7:   00 00 00 00 00 00 00 00 00 00 00 00 00 00 00 00
0x00000282c9c774f7:   00 00 00 00 00 00 00 00 00 06 00 00 00 00 00 00
0x00000282c9c77507:   00 01 00 00 00 00 00 00 00 50 8f c3 cc fe 7f 00
0x00000282c9c77517:   00 00 00 00 00 20 02 00 00 68 00 00 00 ff ff ff
0x00000282c9c77527:   ff 20 02 00 00 00 00 00 00 80 75 c7 c9 82 02 00
0x00000282c9c77537:   00 30 77 c7 c9 82 02 00 00 80 75 c7 c9 82 02 00
0x00000282c9c77547:   00 30 77 c7 c9 82 02 00 00 78 75 c7 c9 82 02 00
0x00000282c9c77557:   00 80 75 c7 c9 82 02 00 00 00 00 00 00 00 00 00
0x00000282c9c77567:   00 00 00 00 00 00 00 00 00 70 98 c3 cc fe 7f 00
0x00000282c9c77577:   00 3c 64 13 64 3d 64 8d 60 48 8b 04 24 4c 8b dc
0x00000282c9c77587:   08 83 e4 f0 50 49 8b c3 4c 8b 5b 40 48 8b 50 18
0x00000282c9c77597:   4c 8b 40 08 49 89 9f e8 02 00 00 48 8b c3 41 ff
0x00000282c9c775a7:   e3 8b 5a 08 48 c1 e3 03 48 3b 58 08 48 8b 18 0f
0x00000282c9c775b7:   84 05 00 00 00 e9 bf 97 02 00 48 81 7b 48 00 00
0x00000282c9c775c7:   00 00 0f 84 43 01 00 00 e9 ac 97 02 00 44 8b 53
0x00000282c9c775d7:   28 41 f7 c2 08 00 00 00 0f 84 2c 00 00 00 4c 8b
0x00000282c9c775e7:   53 08 4d 8b 52 08 4d 8b 52 18 41 80 ba 33 01 00
0x00000282c9c775f7:   00 04 0f 84 12 00 00 00 4d 3b ba 38 01 00 00 0f
0x00000282c9c77607:   84 05 00 00 00 e9 ef 0e fe ff 48 81 7b 48 00 00
0x00000282c9c77617:   00 00 0f 84 f3 00 00 00 4c 8b ec 48 8b 04 24 48
0x00000282c9c77627:   83 e4 f0 9c 48 83 ec 08 48 81 ec 80 00 00 00 48
0x00000282c9c77637:   89 44 24 78 48 89 4c 24 70 48 89 54 24 68 48 89
0x00000282c9c77647:   5c 24 60 48 89 6c 24 50 48 89 74 24 48 48 89 7c
0x00000282c9c77657:   24 40 4c 89 44 24 38 4c 89 4c 24 30 4c 89 54 24
0x00000282c9c77667:   28 4c 89 5c 24 20 4c 89 64 24 18 4c 89 6c 24 10
0x00000282c9c77677:   4c 89 74 24 08 4c 89 3c 24 48 81 ec 80 0a 00 00 


Stack slot to memory mapping:
stack at sp + 0 slots: 0x00000282c9c595bb is at code_begin+1307 in an Interpreter codelet
return entry points  [0x00000282c9c590a0, 0x00000282c9c59b80]  2784 bytes
stack at sp + 1 slots: 0x000000000000ea60 is an unknown value
stack at sp + 2 slots: 0x0 is NULL
stack at sp + 3 slots: 0x00000000000cd139 is an unknown value
stack at sp + 4 slots: 0x0 is NULL
stack at sp + 5 slots: 0x00000000c0614cd0 is an oop: org.eclipse.core.internal.jobs.WorkerPool 
{0x00000000c0614cd0} - klass: 'org/eclipse/core/internal/jobs/WorkerPool'
 - ---- fields (total size 5 words):
 - private 'busyThreads' 'I' @12  2
 - private 'numThreads' 'I' @16  2
 - private 'sleepingThreads' 'I' @20  0
 - private 'isDaemon' 'Z' @24  false
 - protected final 'defaultContextLoader' 'Ljava/lang/ClassLoader;' @28  a 'org/eclipse/osgi/internal/framework/ContextFinder'{0x00000000c08a4138} (c08a4138)
 - private final 'manager' 'Lorg/eclipse/core/internal/jobs/JobManager;' @32  a 'org/eclipse/core/internal/jobs/JobManager'{0x00000000c0614a48} (c0614a48)
 - private 'threads' '[Lorg/eclipse/core/internal/jobs/Worker;' @36  a 'org/eclipse/core/internal/jobs/Worker'[10] {0x00000000c0614cf8} (c0614cf8)
stack at sp + 6 slots: 0x0000000000000003 is an unknown value
stack at sp + 7 slots: 0x0 is NULL

--------------------------------------------------------------------------------
Decoding CodeBlob, name: I2C/C2I adapters, at  [0x00000282c9c77580, 0x00000282c9c77730]  432 bytes
[MachCode]
  0x00000282c9c77580: 488b 0424 | 4c8b dc08 | 83e4 f050 | 498b c34c | 8b5b 4048 | 8b50 184c | 8b40 0849 | 899f e802 
  0x00000282c9c775a0: 0000 488b | c341 ffe3 | 8b5a 0848 | c1e3 0348 | 3b58 0848 | 8b18 0f84 | 0500 0000 | e9bf 9702 
  0x00000282c9c775c0: 0048 817b | 4800 0000 | 000f 8443 | 0100 00e9 | ac97 0200 | 448b 5328 | 41f7 c208 | 0000 000f 
  0x00000282c9c775e0: 842c 0000 | 004c 8b53 | 084d 8b52 | 084d 8b52 | 1841 80ba | 3301 0000 | 040f 8412 | 0000 004d 
  0x00000282c9c77600: 3bba 3801 | 0000 0f84 | 0500 0000 | e9ef 0efe | ff48 817b | 4800 0000 | 000f 84f3 | 0000 004c 
  0x00000282c9c77620: 8bec 488b | 0424 4883 | e4f0 9c48 | 83ec 0848 | 81ec 8000 | 0000 4889 | 4424 7848 | 894c 2470 
  0x00000282c9c77640: 4889 5424 | 6848 895c | 2460 4889 | 6c24 5048 | 8974 2448 | 4889 7c24 | 404c 8944 | 2438 4c89 
  0x00000282c9c77660: 4c24 304c | 8954 2428 | 4c89 5c24 | 204c 8964 | 2418 4c89 | 6c24 104c | 8974 2408 | 4c89 3c24 
  0x00000282c9c77680: 4881 ec80 | 0a00 0048 | 0fae 0424 | c5f8 7748 | 83ec 2048 | 8bcb 488b | d049 ba90 | 399e ccfe 
  0x00000282c9c776a0: 7f00 0041 | ffd2 4883 | c420 c5f8 | 7748 0fae | 0c24 4881 | c480 0a00 | 004c 8b3c | 244c 8b74 
  0x00000282c9c776c0: 2408 4c8b | 6c24 104c | 8b64 2418 | 4c8b 5c24 | 204c 8b54 | 2428 4c8b | 4c24 304c | 8b44 2438 
  0x00000282c9c776e0: 488b 7c24 | 4048 8b74 | 2448 488b | 6c24 5048 | 8b5c 2460 | 488b 5424 | 6848 8b4c | 2470 488b 
  0x00000282c9c77700: 4424 7848 | 81c4 8000 | 0000 4883 | c408 9d49 | 8be5 584c | 8bec 4883 | ec30 4889 | 0424 4889 
  0x00000282c9c77720: 5424 184c | 8944 2408 | 488b 4b38 | ffe1 f4f4 
[/MachCode]
--------------------------------------------------------------------------------


---------------  P R O C E S S  ---------------

Threads class SMR info:
_java_thread_list=0x00000282dd6ba750, length=25, elements={
0x00000282be2a1010, 0x00000282be34af90, 0x00000282be34c100, 0x00000282d404ff40,
0x00000282d4050910, 0x00000282d40513e0, 0x00000282d4051eb0, 0x00000282d4052d60,
0x00000282d406eab0, 0x00000282d925b800, 0x00000282d92f75d0, 0x00000282d954a5a0,
0x00000282d9bec5c0, 0x00000282d9bee420, 0x00000282d9bebba0, 0x00000282d9bee930,
0x00000282d9bedf10, 0x00000282d9beb180, 0x00000282d9beda00, 0x00000282db13f240,
0x00000282db1429f0, 0x00000282db141fd0, 0x00000282db1410a0, 0x00000282db144850,
0x00000282db140b90
}

Java Threads: ( => current thread )
  0x00000282be2a1010 JavaThread "main" [_thread_blocked, id=9084, stack(0x000000f406000000,0x000000f406100000)]
  0x00000282be34af90 JavaThread "Reference Handler" daemon [_thread_blocked, id=12128, stack(0x000000f406300000,0x000000f406400000)]
  0x00000282be34c100 JavaThread "Finalizer" daemon [_thread_blocked, id=13900, stack(0x000000f406400000,0x000000f406500000)]
  0x00000282d404ff40 JavaThread "Signal Dispatcher" daemon [_thread_blocked, id=12108, stack(0x000000f406500000,0x000000f406600000)]
  0x00000282d4050910 JavaThread "Attach Listener" daemon [_thread_blocked, id=10320, stack(0x000000f406600000,0x000000f406700000)]
  0x00000282d40513e0 JavaThread "Service Thread" daemon [_thread_blocked, id=7760, stack(0x000000f406700000,0x000000f406800000)]
  0x00000282d4051eb0 JavaThread "Monitor Deflation Thread" daemon [_thread_blocked, id=5412, stack(0x000000f406800000,0x000000f406900000)]
  0x00000282d4052d60 JavaThread "C2 CompilerThread0" daemon [_thread_blocked, id=9580, stack(0x000000f406900000,0x000000f406a00000)]
  0x00000282d406eab0 JavaThread "C1 CompilerThread0" daemon [_thread_blocked, id=12624, stack(0x000000f406a00000,0x000000f406b00000)]
  0x00000282d925b800 JavaThread "Sweeper thread" daemon [_thread_blocked, id=10392, stack(0x000000f406b00000,0x000000f406c00000)]
  0x00000282d92f75d0 JavaThread "Common-Cleaner" daemon [_thread_blocked, id=10140, stack(0x000000f406c00000,0x000000f406d00000)]
  0x00000282d954a5a0 JavaThread "Notification Thread" daemon [_thread_blocked, id=4772, stack(0x000000f406e00000,0x000000f406f00000)]
  0x00000282d9bec5c0 JavaThread "Active Thread: Equinox Container: 8fe8df6d-c9ff-4cdc-95a2-78a6c314717d" [_thread_blocked, id=10768, stack(0x000000f407300000,0x000000f407400000)]
  0x00000282d9bee420 JavaThread "Framework Event Dispatcher: Equinox Container: 8fe8df6d-c9ff-4cdc-95a2-78a6c314717d" daemon [_thread_blocked, id=2380, stack(0x000000f407400000,0x000000f407500000)]
  0x00000282d9bebba0 JavaThread "Start Level: Equinox Container: 8fe8df6d-c9ff-4cdc-95a2-78a6c314717d" daemon [_thread_blocked, id=2316, stack(0x000000f407500000,0x000000f407600000)]
  0x00000282d9bee930 JavaThread "Bundle File Closer" daemon [_thread_blocked, id=5908, stack(0x000000f407600000,0x000000f407700000)]
  0x00000282d9bedf10 JavaThread "SCR Component Actor" daemon [_thread_blocked, id=1800, stack(0x000000f406d00000,0x000000f406e00000)]
  0x00000282d9beb180 JavaThread "Worker-JM" [_thread_blocked, id=2688, stack(0x000000f407900000,0x000000f407a00000)]
  0x00000282d9beda00 JavaThread "Java indexing" daemon [_thread_blocked, id=6448, stack(0x000000f407c00000,0x000000f407d00000)]
  0x00000282db13f240 JavaThread "JNA Cleaner" daemon [_thread_blocked, id=4256, stack(0x000000f407d00000,0x000000f407e00000)]
  0x00000282db1429f0 JavaThread "pool-2-thread-1" [_thread_blocked, id=3152, stack(0x000000f407f00000,0x000000f408000000)]
  0x00000282db141fd0 JavaThread "WorkspaceEventsHandler" [_thread_blocked, id=12504, stack(0x000000f408100000,0x000000f408200000)]
  0x00000282db1410a0 JavaThread "pool-1-thread-1" [_thread_in_native, id=5684, stack(0x000000f408200000,0x000000f408300000)]
  0x00000282db144850 JavaThread "Worker-8" [_thread_in_Java, id=8720, stack(0x000000f407800000,0x000000f407900000)]
=>0x00000282db140b90 JavaThread "Worker-9" [_thread_in_Java, id=9132, stack(0x000000f407b00000,0x000000f407c00000)]

Other Threads:
  0x00000282d400c150 VMThread "VM Thread" [stack: 0x000000f406200000,0x000000f406300000] [id=5544]
  0x00000282d954afc0 WatcherThread [stack: 0x000000f406f00000,0x000000f407000000] [id=7052]
  0x00000282be2b5af0 GCTaskThread "GC Thread#0" [stack: 0x000000f406100000,0x000000f406200000] [id=9584]
  0x00000282d97d5fd0 GCTaskThread "GC Thread#1" [stack: 0x000000f407000000,0x000000f407100000] [id=6152]
  0x00000282d97d6290 GCTaskThread "GC Thread#2" [stack: 0x000000f407100000,0x000000f407200000] [id=12748]
  0x00000282d97d6550 GCTaskThread "GC Thread#3" [stack: 0x000000f407200000,0x000000f407300000] [id=5560]

Threads with active compile tasks:

VM state: not at safepoint (normal execution)

VM Mutex/Monitor currently owned by a thread: None

Heap address: 0x00000000c0000000, size: 1024 MB, Compressed Oops mode: 32-bit

CDS archive(s) not mapped
Compressed class space mapped at: 0x0000000100000000-0x0000000140000000, reserved size: 1073741824
Narrow klass base: 0x0000000000000000, Narrow klass shift: 3, Narrow klass range: 0x140000000

GC Precious Log:
 CPUs: 4 total, 4 available
 Memory: 12193M
 Large Page Support: Disabled
 NUMA Support: Disabled
 Compressed Oops: Enabled (32-bit)
 Alignments: Space 512K, Generation 512K, Heap 2M
 Heap Min Capacity: 100M
 Heap Initial Capacity: 100M
 Heap Max Capacity: 1G
 Pre-touch: Disabled
 Parallel Workers: 4

Heap:
 PSYoungGen      total 12800K, used 9061K [0x00000000eab00000, 0x00000000ebd80000, 0x0000000100000000)
  eden space 9728K, 62% used [0x00000000eab00000,0x00000000eb0e48a8,0x00000000eb480000)
  from space 3072K, 98% used [0x00000000eb480000,0x00000000eb774d28,0x00000000eb780000)
  to   space 4608K, 0% used [0x00000000eb900000,0x00000000eb900000,0x00000000ebd80000)
 ParOldGen       total 121856K, used 88591K [0x00000000c0000000, 0x00000000c7700000, 0x00000000eab00000)
  object space 121856K, 72% used [0x00000000c0000000,0x00000000c5683f18,0x00000000c7700000)
 Metaspace       used 75042K, committed 76352K, reserved 1179648K
  class space    used 7529K, committed 8128K, reserved 1048576K

Card table byte_map: [0x00000282d1900000,0x00000282d1b10000] _byte_map_base: 0x00000282d1300000

Marking Bits: (ParMarkBitMap*) 0x00007ffecce9d7d0
 Begin Bits: [0x00000282d1c70000, 0x00000282d2c70000)
 End Bits:   [0x00000282d2c70000, 0x00000282d3c70000)

Polling page: 0x00000282be130000

Metaspace:

Usage:
  Non-class:     65.93 MB used.
      Class:      7.35 MB used.
       Both:     73.28 MB used.

Virtual space:
  Non-class space:      128.00 MB reserved,      66.62 MB ( 52%) committed,  2 nodes.
      Class space:        1.00 GB reserved,       7.94 MB ( <1%) committed,  1 nodes.
             Both:        1.12 GB reserved,      74.56 MB (  6%) committed. 

Chunk freelists:
   Non-Class:  12.55 MB
       Class:  7.90 MB
        Both:  20.45 MB

MaxMetaspaceSize: unlimited
CompressedClassSpaceSize: 1.00 GB
Initial GC threshold: 21.00 MB
Current GC threshold: 122.12 MB
CDS: off
MetaspaceReclaimPolicy: balanced
 - commit_granule_bytes: 65536.
 - commit_granule_words: 8192.
 - virtual_space_node_default_size: 8388608.
 - enlarge_chunks_in_place: 1.
 - new_chunks_are_fully_committed: 0.
 - uncommit_free_chunks: 1.
 - use_allocation_guard: 0.
 - handle_deallocations: 1.


Internal statistics:

num_allocs_failed_limit: 11.
num_arena_births: 782.
num_arena_deaths: 14.
num_vsnodes_births: 3.
num_vsnodes_deaths: 0.
num_space_committed: 1193.
num_space_uncommitted: 0.
num_chunks_returned_to_freelist: 25.
num_chunks_taken_from_freelist: 3867.
num_chunk_merges: 16.
num_chunk_splits: 2444.
num_chunks_enlarged: 1455.
num_inconsistent_stats: 0.

CodeHeap 'non-profiled nmethods': size=120000Kb used=8639Kb max_used=8639Kb free=111361Kb
 bounds [0x00000282ca1f0000, 0x00000282caa60000, 0x00000282d1720000]
CodeHeap 'profiled nmethods': size=120000Kb used=24357Kb max_used=24685Kb free=95643Kb
 bounds [0x00000282c2720000, 0x00000282c3f60000, 0x00000282c9c50000]
CodeHeap 'non-nmethods': size=5760Kb used=1376Kb max_used=1541Kb free=4383Kb
 bounds [0x00000282c9c50000, 0x00000282c9ec0000, 0x00000282ca1f0000]
 total_blobs=12290 nmethods=11571 adapters=629
 compilation: enabled
              stopped_count=0, restarted_count=0
 full_count=0

Compilation events (20 events):
Event: 2792.487 Thread 0x00000282d406eab0 14745       3       java.lang.ProcessHandleImpl::<init> (27 bytes)
Event: 2792.488 Thread 0x00000282d406eab0 nmethod 14745 0x00000282c384db90 code [0x00000282c384dd20, 0x00000282c384deb8]
Event: 2794.112 Thread 0x00000282d406eab0 14746       3       java.util.concurrent.locks.AbstractQueuedSynchronizer$Node::setStatusRelaxed (12 bytes)
Event: 2794.113 Thread 0x00000282d406eab0 nmethod 14746 0x00000282c384d810 code [0x00000282c384d9a0, 0x00000282c384dab8]
Event: 2862.595 Thread 0x00000282d406eab0 14747   !   3       java.util.concurrent.ScheduledThreadPoolExecutor$DelayedWorkQueue::offer (123 bytes)
Event: 2862.596 Thread 0x00000282d406eab0 nmethod 14747 0x00000282c2af5a90 code [0x00000282c2af5d80, 0x00000282c2af70f8]
Event: 2862.596 Thread 0x00000282d406eab0 14750   !   3       java.util.concurrent.ScheduledThreadPoolExecutor$DelayedWorkQueue::take (203 bytes)
Event: 2862.598 Thread 0x00000282d406eab0 nmethod 14750 0x00000282c3ac9a10 code [0x00000282c3ac9da0, 0x00000282c3acb548]
Event: 2862.598 Thread 0x00000282d406eab0 14748   !   3       java.util.concurrent.ThreadPoolExecutor::getTask (177 bytes)
Event: 2862.598 Thread 0x00000282d406eab0 nmethod 14748 0x00000282c388f110 code [0x00000282c388f3a0, 0x00000282c3890238]
Event: 2862.598 Thread 0x00000282d406eab0 14749       3       java.util.concurrent.ScheduledThreadPoolExecutor$DelayedWorkQueue::take (5 bytes)
Event: 2862.598 Thread 0x00000282d406eab0 nmethod 14749 0x00000282c2af5690 code [0x00000282c2af5840, 0x00000282c2af5988]
Event: 2872.598 Thread 0x00000282d406eab0 14751       3       java.util.concurrent.ThreadPoolExecutor::beforeExecute (1 bytes)
Event: 2872.598 Thread 0x00000282d406eab0 nmethod 14751 0x00000282c3ac9610 code [0x00000282c3ac97a0, 0x00000282c3ac98b8]
Event: 2882.599 Thread 0x00000282d406eab0 14752   !   3       java.util.concurrent.FutureTask::runAndReset (125 bytes)
Event: 2882.601 Thread 0x00000282d406eab0 nmethod 14752 0x00000282c3661990 code [0x00000282c3661dc0, 0x00000282c3664008]
Event: 2882.601 Thread 0x00000282d406eab0 14753       3       java.util.concurrent.ScheduledThreadPoolExecutor$ScheduledFutureTask::setNextRunTime (38 bytes)
Event: 2882.601 Thread 0x00000282d406eab0 nmethod 14753 0x00000282c34e2290 code [0x00000282c34e2440, 0x00000282c34e2648]
Event: 2882.601 Thread 0x00000282d406eab0 14754       3       java.util.concurrent.ScheduledThreadPoolExecutor::reExecutePeriodic (49 bytes)
Event: 2882.601 Thread 0x00000282d406eab0 nmethod 14754 0x00000282c34e1590 code [0x00000282c34e17a0, 0x00000282c34e1de8]

GC Heap History (20 events):
Event: 43.963 GC heap before
{Heap before GC invocations=81 (full 7):
 PSYoungGen      total 15872K, used 14366K [0x00000000eab00000, 0x00000000ebd80000, 0x0000000100000000)
  eden space 13824K, 90% used [0x00000000eab00000,0x00000000eb72f9d0,0x00000000eb880000)
  from space 2048K, 92% used [0x00000000eb880000,0x00000000eba58060,0x00000000eba80000)
  to   space 2560K, 0% used [0x00000000ebb00000,0x00000000ebb00000,0x00000000ebd80000)
 ParOldGen       total 121856K, used 84982K [0x00000000c0000000, 0x00000000c7700000, 0x00000000eab00000)
  object space 121856K, 69% used [0x00000000c0000000,0x00000000c52fd930,0x00000000c7700000)
 Metaspace       used 74019K, committed 75264K, reserved 1179648K
  class space    used 7471K, committed 8064K, reserved 1048576K
}
Event: 43.966 GC heap after
{Heap after GC invocations=81 (full 7):
 PSYoungGen      total 16384K, used 1998K [0x00000000eab00000, 0x00000000ebd80000, 0x0000000100000000)
  eden space 13824K, 0% used [0x00000000eab00000,0x00000000eab00000,0x00000000eb880000)
  from space 2560K, 78% used [0x00000000ebb00000,0x00000000ebcf3a38,0x00000000ebd80000)
  to   space 2560K, 0% used [0x00000000eb880000,0x00000000eb880000,0x00000000ebb00000)
 ParOldGen       total 121856K, used 84982K [0x00000000c0000000, 0x00000000c7700000, 0x00000000eab00000)
  object space 121856K, 69% used [0x00000000c0000000,0x00000000c52fd930,0x00000000c7700000)
 Metaspace       used 74019K, committed 75264K, reserved 1179648K
  class space    used 7471K, committed 8064K, reserved 1048576K
}
Event: 44.238 GC heap before
{Heap before GC invocations=82 (full 7):
 PSYoungGen      total 16384K, used 15822K [0x00000000eab00000, 0x00000000ebd80000, 0x0000000100000000)
  eden space 13824K, 100% used [0x00000000eab00000,0x00000000eb880000,0x00000000eb880000)
  from space 2560K, 78% used [0x00000000ebb00000,0x00000000ebcf3a38,0x00000000ebd80000)
  to   space 2560K, 0% used [0x00000000eb880000,0x00000000eb880000,0x00000000ebb00000)
 ParOldGen       total 121856K, used 84982K [0x00000000c0000000, 0x00000000c7700000, 0x00000000eab00000)
  object space 121856K, 69% used [0x00000000c0000000,0x00000000c52fd930,0x00000000c7700000)
 Metaspace       used 74112K, committed 75328K, reserved 1179648K
  class space    used 7471K, committed 8064K, reserved 1048576K
}
Event: 44.243 GC heap after
{Heap after GC invocations=82 (full 7):
 PSYoungGen      total 16384K, used 2212K [0x00000000eab00000, 0x00000000ebd80000, 0x0000000100000000)
  eden space 13824K, 0% used [0x00000000eab00000,0x00000000eab00000,0x00000000eb880000)
  from space 2560K, 86% used [0x00000000eb880000,0x00000000ebaa91b8,0x00000000ebb00000)
  to   space 2560K, 0% used [0x00000000ebb00000,0x00000000ebb00000,0x00000000ebd80000)
 ParOldGen       total 121856K, used 84982K [0x00000000c0000000, 0x00000000c7700000, 0x00000000eab00000)
  object space 121856K, 69% used [0x00000000c0000000,0x00000000c52fd930,0x00000000c7700000)
 Metaspace       used 74112K, committed 75328K, reserved 1179648K
  class space    used 7471K, committed 8064K, reserved 1048576K
}
Event: 44.646 GC heap before
{Heap before GC invocations=83 (full 7):
 PSYoungGen      total 16384K, used 16036K [0x00000000eab00000, 0x00000000ebd80000, 0x0000000100000000)
  eden space 13824K, 100% used [0x00000000eab00000,0x00000000eb880000,0x00000000eb880000)
  from space 2560K, 86% used [0x00000000eb880000,0x00000000ebaa91b8,0x00000000ebb00000)
  to   space 2560K, 0% used [0x00000000ebb00000,0x00000000ebb00000,0x00000000ebd80000)
 ParOldGen       total 121856K, used 84982K [0x00000000c0000000, 0x00000000c7700000, 0x00000000eab00000)
  object space 121856K, 69% used [0x00000000c0000000,0x00000000c52fd930,0x00000000c7700000)
 Metaspace       used 74132K, committed 75392K, reserved 1179648K
  class space    used 7471K, committed 8064K, reserved 1048576K
}
Event: 44.650 GC heap after
{Heap after GC invocations=83 (full 7):
 PSYoungGen      total 16384K, used 2212K [0x00000000eab00000, 0x00000000ebd80000, 0x0000000100000000)
  eden space 13824K, 0% used [0x00000000eab00000,0x00000000eab00000,0x00000000eb880000)
  from space 2560K, 86% used [0x00000000ebb00000,0x00000000ebd291b8,0x00000000ebd80000)
  to   space 2560K, 0% used [0x00000000eb880000,0x00000000eb880000,0x00000000ebb00000)
 ParOldGen       total 121856K, used 84990K [0x00000000c0000000, 0x00000000c7700000, 0x00000000eab00000)
  object space 121856K, 69% used [0x00000000c0000000,0x00000000c52ff930,0x00000000c7700000)
 Metaspace       used 74132K, committed 75392K, reserved 1179648K
  class space    used 7471K, committed 8064K, reserved 1048576K
}
Event: 225.191 GC heap before
{Heap before GC invocations=84 (full 7):
 PSYoungGen      total 16384K, used 16036K [0x00000000eab00000, 0x00000000ebd80000, 0x0000000100000000)
  eden space 13824K, 100% used [0x00000000eab00000,0x00000000eb880000,0x00000000eb880000)
  from space 2560K, 86% used [0x00000000ebb00000,0x00000000ebd291b8,0x00000000ebd80000)
  to   space 2560K, 0% used [0x00000000eb880000,0x00000000eb880000,0x00000000ebb00000)
 ParOldGen       total 121856K, used 84990K [0x00000000c0000000, 0x00000000c7700000, 0x00000000eab00000)
  object space 121856K, 69% used [0x00000000c0000000,0x00000000c52ff930,0x00000000c7700000)
 Metaspace       used 74413K, committed 75776K, reserved 1179648K
  class space    used 7501K, committed 8128K, reserved 1048576K
}
Event: 225.194 GC heap after
{Heap after GC invocations=84 (full 7):
 PSYoungGen      total 16384K, used 2532K [0x00000000eab00000, 0x00000000ebf80000, 0x0000000100000000)
  eden space 13824K, 0% used [0x00000000eab00000,0x00000000eab00000,0x00000000eb880000)
  from space 2560K, 98% used [0x00000000eb880000,0x00000000ebaf91d8,0x00000000ebb00000)
  to   space 3584K, 0% used [0x00000000ebc00000,0x00000000ebc00000,0x00000000ebf80000)
 ParOldGen       total 121856K, used 85431K [0x00000000c0000000, 0x00000000c7700000, 0x00000000eab00000)
  object space 121856K, 70% used [0x00000000c0000000,0x00000000c536dde0,0x00000000c7700000)
 Metaspace       used 74413K, committed 75776K, reserved 1179648K
  class space    used 7501K, committed 8128K, reserved 1048576K
}
Event: 233.276 GC heap before
{Heap before GC invocations=85 (full 7):
 PSYoungGen      total 16384K, used 16356K [0x00000000eab00000, 0x00000000ebf80000, 0x0000000100000000)
  eden space 13824K, 100% used [0x00000000eab00000,0x00000000eb880000,0x00000000eb880000)
  from space 2560K, 98% used [0x00000000eb880000,0x00000000ebaf91d8,0x00000000ebb00000)
  to   space 3584K, 0% used [0x00000000ebc00000,0x00000000ebc00000,0x00000000ebf80000)
 ParOldGen       total 121856K, used 85431K [0x00000000c0000000, 0x00000000c7700000, 0x00000000eab00000)
  object space 121856K, 70% used [0x00000000c0000000,0x00000000c536dde0,0x00000000c7700000)
 Metaspace       used 74466K, committed 75776K, reserved 1179648K
  class space    used 7501K, committed 8128K, reserved 1048576K
}
Event: 233.285 GC heap after
{Heap after GC invocations=85 (full 7):
 PSYoungGen      total 17408K, used 3268K [0x00000000eab00000, 0x00000000ebf80000, 0x0000000100000000)
  eden space 13824K, 0% used [0x00000000eab00000,0x00000000eab00000,0x00000000eb880000)
  from space 3584K, 91% used [0x00000000ebc00000,0x00000000ebf31218,0x00000000ebf80000)
  to   space 3584K, 0% used [0x00000000eb880000,0x00000000eb880000,0x00000000ebc00000)
 ParOldGen       total 121856K, used 85439K [0x00000000c0000000, 0x00000000c7700000, 0x00000000eab00000)
  object space 121856K, 70% used [0x00000000c0000000,0x00000000c536fde0,0x00000000c7700000)
 Metaspace       used 74466K, committed 75776K, reserved 1179648K
  class space    used 7501K, committed 8128K, reserved 1048576K
}
Event: 234.219 GC heap before
{Heap before GC invocations=86 (full 7):
 PSYoungGen      total 17408K, used 17092K [0x00000000eab00000, 0x00000000ebf80000, 0x0000000100000000)
  eden space 13824K, 100% used [0x00000000eab00000,0x00000000eb880000,0x00000000eb880000)
  from space 3584K, 91% used [0x00000000ebc00000,0x00000000ebf31218,0x00000000ebf80000)
  to   space 3584K, 0% used [0x00000000eb880000,0x00000000eb880000,0x00000000ebc00000)
 ParOldGen       total 121856K, used 85439K [0x00000000c0000000, 0x00000000c7700000, 0x00000000eab00000)
  object space 121856K, 70% used [0x00000000c0000000,0x00000000c536fde0,0x00000000c7700000)
 Metaspace       used 74517K, committed 75840K, reserved 1179648K
  class space    used 7502K, committed 8128K, reserved 1048576K
}
Event: 234.226 GC heap after
{Heap after GC invocations=86 (full 7):
 PSYoungGen      total 17408K, used 3464K [0x00000000eab00000, 0x00000000ebf80000, 0x0000000100000000)
  eden space 13824K, 0% used [0x00000000eab00000,0x00000000eab00000,0x00000000eb880000)
  from space 3584K, 96% used [0x00000000eb880000,0x00000000ebbe23c8,0x00000000ebc00000)
  to   space 3584K, 0% used [0x00000000ebc00000,0x00000000ebc00000,0x00000000ebf80000)
 ParOldGen       total 121856K, used 85439K [0x00000000c0000000, 0x00000000c7700000, 0x00000000eab00000)
  object space 121856K, 70% used [0x00000000c0000000,0x00000000c536fde0,0x00000000c7700000)
 Metaspace       used 74517K, committed 75840K, reserved 1179648K
  class space    used 7502K, committed 8128K, reserved 1048576K
}
Event: 1471.309 GC heap before
{Heap before GC invocations=87 (full 7):
 PSYoungGen      total 17408K, used 17288K [0x00000000eab00000, 0x00000000ebf80000, 0x0000000100000000)
  eden space 13824K, 100% used [0x00000000eab00000,0x00000000eb880000,0x00000000eb880000)
  from space 3584K, 96% used [0x00000000eb880000,0x00000000ebbe23c8,0x00000000ebc00000)
  to   space 3584K, 0% used [0x00000000ebc00000,0x00000000ebc00000,0x00000000ebf80000)
 ParOldGen       total 121856K, used 85439K [0x00000000c0000000, 0x00000000c7700000, 0x00000000eab00000)
  object space 121856K, 70% used [0x00000000c0000000,0x00000000c536fde0,0x00000000c7700000)
 Metaspace       used 74770K, committed 76096K, reserved 1179648K
  class space    used 7526K, committed 8128K, reserved 1048576K
}
Event: 1471.312 GC heap after
{Heap after GC invocations=87 (full 7):
 PSYoungGen      total 17408K, used 3352K [0x00000000eab00000, 0x00000000ebf80000, 0x0000000100000000)
  eden space 13824K, 0% used [0x00000000eab00000,0x00000000eab00000,0x00000000eb880000)
  from space 3584K, 93% used [0x00000000ebc00000,0x00000000ebf463b8,0x00000000ebf80000)
  to   space 3584K, 0% used [0x00000000eb880000,0x00000000eb880000,0x00000000ebc00000)
 ParOldGen       total 121856K, used 85447K [0x00000000c0000000, 0x00000000c7700000, 0x00000000eab00000)
  object space 121856K, 70% used [0x00000000c0000000,0x00000000c5371de0,0x00000000c7700000)
 Metaspace       used 74770K, committed 76096K, reserved 1179648K
  class space    used 7526K, committed 8128K, reserved 1048576K
}
Event: 1476.738 GC heap before
{Heap before GC invocations=88 (full 7):
 PSYoungGen      total 17408K, used 15371K [0x00000000eab00000, 0x00000000ebf80000, 0x0000000100000000)
  eden space 13824K, 86% used [0x00000000eab00000,0x00000000eb6bcbb0,0x00000000eb880000)
  from space 3584K, 93% used [0x00000000ebc00000,0x00000000ebf463b8,0x00000000ebf80000)
  to   space 3584K, 0% used [0x00000000eb880000,0x00000000eb880000,0x00000000ebc00000)
 ParOldGen       total 121856K, used 85447K [0x00000000c0000000, 0x00000000c7700000, 0x00000000eab00000)
  object space 121856K, 70% used [0x00000000c0000000,0x00000000c5371de0,0x00000000c7700000)
 Metaspace       used 74852K, committed 76160K, reserved 1179648K
  class space    used 7527K, committed 8128K, reserved 1048576K
}
Event: 1476.742 GC heap after
{Heap after GC invocations=88 (full 7):
 PSYoungGen      total 17408K, used 3576K [0x00000000eab00000, 0x00000000ec080000, 0x0000000100000000)
  eden space 13824K, 0% used [0x00000000eab00000,0x00000000eab00000,0x00000000eb880000)
  from space 3584K, 99% used [0x00000000eb880000,0x00000000ebbfe3b8,0x00000000ebc00000)
  to   space 4096K, 0% used [0x00000000ebc80000,0x00000000ebc80000,0x00000000ec080000)
 ParOldGen       total 121856K, used 85471K [0x00000000c0000000, 0x00000000c7700000, 0x00000000eab00000)
  object space 121856K, 70% used [0x00000000c0000000,0x00000000c5377de0,0x00000000c7700000)
 Metaspace       used 74852K, committed 76160K, reserved 1179648K
  class space    used 7527K, committed 8128K, reserved 1048576K
}
Event: 1476.778 GC heap before
{Heap before GC invocations=89 (full 7):
 PSYoungGen      total 17408K, used 17400K [0x00000000eab00000, 0x00000000ec080000, 0x0000000100000000)
  eden space 13824K, 100% used [0x00000000eab00000,0x00000000eb880000,0x00000000eb880000)
  from space 3584K, 99% used [0x00000000eb880000,0x00000000ebbfe3b8,0x00000000ebc00000)
  to   space 4096K, 0% used [0x00000000ebc80000,0x00000000ebc80000,0x00000000ec080000)
 ParOldGen       total 121856K, used 85471K [0x00000000c0000000, 0x00000000c7700000, 0x00000000eab00000)
  object space 121856K, 70% used [0x00000000c0000000,0x00000000c5377de0,0x00000000c7700000)
 Metaspace       used 74856K, committed 76160K, reserved 1179648K
  class space    used 7527K, committed 8128K, reserved 1048576K
}
Event: 1476.782 GC heap after
{Heap after GC invocations=89 (full 7):
 PSYoungGen      total 13824K, used 4070K [0x00000000eab00000, 0x00000000ec880000, 0x0000000100000000)
  eden space 9728K, 0% used [0x00000000eab00000,0x00000000eab00000,0x00000000eb480000)
  from space 4096K, 99% used [0x00000000ebc80000,0x00000000ec079b88,0x00000000ec080000)
  to   space 8192K, 0% used [0x00000000eb480000,0x00000000eb480000,0x00000000ebc80000)
 ParOldGen       total 121856K, used 88583K [0x00000000c0000000, 0x00000000c7700000, 0x00000000eab00000)
  object space 121856K, 72% used [0x00000000c0000000,0x00000000c5681f18,0x00000000c7700000)
 Metaspace       used 74856K, committed 76160K, reserved 1179648K
  class space    used 7527K, committed 8128K, reserved 1048576K
}
Event: 1477.641 GC heap before
{Heap before GC invocations=90 (full 7):
 PSYoungGen      total 13824K, used 13798K [0x00000000eab00000, 0x00000000ec880000, 0x0000000100000000)
  eden space 9728K, 100% used [0x00000000eab00000,0x00000000eb480000,0x00000000eb480000)
  from space 4096K, 99% used [0x00000000ebc80000,0x00000000ec079b88,0x00000000ec080000)
  to   space 8192K, 0% used [0x00000000eb480000,0x00000000eb480000,0x00000000ebc80000)
 ParOldGen       total 121856K, used 88583K [0x00000000c0000000, 0x00000000c7700000, 0x00000000eab00000)
  object space 121856K, 72% used [0x00000000c0000000,0x00000000c5681f18,0x00000000c7700000)
 Metaspace       used 74978K, committed 76224K, reserved 1179648K
  class space    used 7529K, committed 8128K, reserved 1048576K
}
Event: 1477.644 GC heap after
{Heap after GC invocations=90 (full 7):
 PSYoungGen      total 12800K, used 3027K [0x00000000eab00000, 0x00000000ebd80000, 0x0000000100000000)
  eden space 9728K, 0% used [0x00000000eab00000,0x00000000eab00000,0x00000000eb480000)
  from space 3072K, 98% used [0x00000000eb480000,0x00000000eb774d28,0x00000000eb780000)
  to   space 4608K, 0% used [0x00000000eb900000,0x00000000eb900000,0x00000000ebd80000)
 ParOldGen       total 121856K, used 88591K [0x00000000c0000000, 0x00000000c7700000, 0x00000000eab00000)
  object space 121856K, 72% used [0x00000000c0000000,0x00000000c5683f18,0x00000000c7700000)
 Metaspace       used 74978K, committed 76224K, reserved 1179648K
  class space    used 7529K, committed 8128K, reserved 1048576K
}

Dll operation events (11 events):
Event: 0.030 Loaded shared library c:\Users\hrish\.vscode\extensions\redhat.java-1.28.1-win32-x64\jre\17.0.10-win32-x86_64\bin\java.dll
Event: 0.538 Loaded shared library c:\Users\hrish\.vscode\extensions\redhat.java-1.28.1-win32-x64\jre\17.0.10-win32-x86_64\bin\zip.dll
Event: 0.544 Loaded shared library C:\Users\hrish\.vscode\extensions\redhat.java-1.28.1-win32-x64\jre\17.0.10-win32-x86_64\bin\instrument.dll
Event: 0.605 Loaded shared library C:\Users\hrish\.vscode\extensions\redhat.java-1.28.1-win32-x64\jre\17.0.10-win32-x86_64\bin\net.dll
Event: 0.608 Loaded shared library C:\Users\hrish\.vscode\extensions\redhat.java-1.28.1-win32-x64\jre\17.0.10-win32-x86_64\bin\nio.dll
Event: 0.618 Loaded shared library C:\Users\hrish\.vscode\extensions\redhat.java-1.28.1-win32-x64\jre\17.0.10-win32-x86_64\bin\zip.dll
Event: 0.641 Loaded shared library C:\Users\hrish\.vscode\extensions\redhat.java-1.28.1-win32-x64\jre\17.0.10-win32-x86_64\bin\jimage.dll
Event: 0.831 Loaded shared library c:\Users\hrish\.vscode\extensions\redhat.java-1.28.1-win32-x64\jre\17.0.10-win32-x86_64\bin\verify.dll
Event: 9.343 Loaded shared library C:\Users\hrish\AppData\Roaming\Code\User\globalStorage\redhat.java\1.28.1\config_win\org.eclipse.equinox.launcher\org.eclipse.equinox.launcher.win32.win32.x86_64_1.2.900.v20240129-1338\eclipse_11900.dll
Event: 19.918 Loaded shared library C:\Users\hrish\AppData\Local\Temp\jna-99546932\jna15267983966074815822.dll
Event: 31.776 Loaded shared library C:\Users\hrish\.vscode\extensions\redhat.java-1.28.1-win32-x64\jre\17.0.10-win32-x86_64\bin\sunmscapi.dll

Deoptimization events (20 events):
Event: 1476.748 Thread 0x00000282db1461a0 Uncommon trap: trap_request=0xffffff45 fr.pc=0x00000282ca90dda8 relative=0x0000000000000a08
Event: 1476.748 Thread 0x00000282db1461a0 Uncommon trap: reason=unstable_if action=reinterpret pc=0x00000282ca90dda8 method=org.eclipse.jdt.internal.compiler.ast.TypeReference.baseTypeReference(II[[Lorg/eclipse/jdt/internal/compiler/ast/Annotation;)Lorg/eclipse/jdt/internal/compiler/ast/TypeRefer
Event: 1476.748 Thread 0x00000282db1461a0 DEOPT PACKING pc=0x00000282ca90dda8 sp=0x000000f407afdac0
Event: 1476.748 Thread 0x00000282db1461a0 DEOPT UNPACKING pc=0x00000282c9ca66a3 sp=0x000000f407afda58 mode 2
Event: 1476.762 Thread 0x00000282db1461a0 Uncommon trap: trap_request=0xffffff45 fr.pc=0x00000282ca62f690 relative=0x0000000000000430
Event: 1476.762 Thread 0x00000282db1461a0 Uncommon trap: reason=unstable_if action=reinterpret pc=0x00000282ca62f690 method=org.eclipse.jdt.internal.compiler.parser.Scanner.scanNumber(Z)I @ 23 c2
Event: 1476.762 Thread 0x00000282db1461a0 DEOPT PACKING pc=0x00000282ca62f690 sp=0x000000f407afdbe0
Event: 1476.762 Thread 0x00000282db1461a0 DEOPT UNPACKING pc=0x00000282c9ca66a3 sp=0x000000f407afdb70 mode 2
Event: 1476.825 Thread 0x00000282db140b90 DEOPT PACKING pc=0x00000282c338a675 sp=0x000000f407bfd920
Event: 1476.825 Thread 0x00000282db140b90 DEOPT UNPACKING pc=0x00000282c9ca6e43 sp=0x000000f407bfcd50 mode 0
Event: 1477.102 Thread 0x00000282db13fc60 DEOPT PACKING pc=0x00000282c372e1bf sp=0x000000f405ffe140
Event: 1477.102 Thread 0x00000282db13fc60 DEOPT UNPACKING pc=0x00000282c9ca6e43 sp=0x000000f405ffd638 mode 0
Event: 1477.229 Thread 0x00000282db13fc60 Uncommon trap: trap_request=0xffffff6e fr.pc=0x00000282ca9f806c relative=0x0000000000000a4c
Event: 1477.229 Thread 0x00000282db13fc60 Uncommon trap: reason=loop_limit_check action=maybe_recompile pc=0x00000282ca9f806c method=org.eclipse.jdt.internal.compiler.parser.Parser.getTypeReference(I)Lorg/eclipse/jdt/internal/compiler/ast/TypeReference; @ 546 c2
Event: 1477.229 Thread 0x00000282db13fc60 DEOPT PACKING pc=0x00000282ca9f806c sp=0x000000f405ffdee0
Event: 1477.229 Thread 0x00000282db13fc60 DEOPT UNPACKING pc=0x00000282c9ca66a3 sp=0x000000f405ffde90 mode 2
Event: 1477.295 Thread 0x00000282db13f750 Uncommon trap: trap_request=0xffffff6e fr.pc=0x00000282ca9f96c0 relative=0x0000000000000640
Event: 1477.295 Thread 0x00000282db13f750 Uncommon trap: reason=loop_limit_check action=maybe_recompile pc=0x00000282ca9f96c0 method=org.eclipse.jdt.internal.compiler.SourceElementParser.checkComment()V @ 141 c2
Event: 1477.295 Thread 0x00000282db13f750 DEOPT PACKING pc=0x00000282ca9f96c0 sp=0x000000f4077fe760
Event: 1477.295 Thread 0x00000282db13f750 DEOPT UNPACKING pc=0x00000282c9ca66a3 sp=0x000000f4077fe700 mode 2

Classes unloaded (7 events):
Event: 19.954 Thread 0x00000282d400c150 Unloading class 0x0000000100250400 'java/lang/invoke/LambdaForm$MH+0x0000000100250400'
Event: 19.954 Thread 0x00000282d400c150 Unloading class 0x0000000100250000 'java/lang/invoke/LambdaForm$MH+0x0000000100250000'
Event: 19.954 Thread 0x00000282d400c150 Unloading class 0x000000010024bc00 'java/lang/invoke/LambdaForm$MH+0x000000010024bc00'
Event: 19.954 Thread 0x00000282d400c150 Unloading class 0x000000010024b800 'java/lang/invoke/LambdaForm$MH+0x000000010024b800'
Event: 19.954 Thread 0x00000282d400c150 Unloading class 0x000000010024b400 'java/lang/invoke/LambdaForm$BMH+0x000000010024b400'
Event: 19.954 Thread 0x00000282d400c150 Unloading class 0x000000010024b000 'java/lang/invoke/LambdaForm$DMH+0x000000010024b000'
Event: 19.954 Thread 0x00000282d400c150 Unloading class 0x0000000100248400 'java/lang/invoke/LambdaForm$DMH+0x0000000100248400'

Classes redefined (0 events):
No events

Internal exceptions (20 events):
Event: 40.331 Thread 0x00000282db140680 Exception <a 'sun/nio/fs/WindowsException'{0x00000000eac7b210}> (0x00000000eac7b210) 
thrown [s\src\hotspot\share\prims\jni.cpp, line 516]
Event: 40.334 Thread 0x00000282db140680 Exception <a 'sun/nio/fs/WindowsException'{0x00000000eacf87a0}> (0x00000000eacf87a0) 
thrown [s\src\hotspot\share\prims\jni.cpp, line 516]
Event: 42.307 Thread 0x00000282d9beda00 Implicit null exception at 0x00000282c2e0d0e6 to 0x00000282c2e0e0f3
Event: 42.307 Thread 0x00000282d9beda00 Exception <a 'java/lang/NullPointerException'{0x00000000eb09a6b8}> (0x00000000eb09a6b8) 
thrown [s\src\hotspot\share\runtime\sharedRuntime.cpp, line 631]
Event: 42.308 Thread 0x00000282d9beda00 Implicit null exception at 0x00000282c2e0d0e6 to 0x00000282c2e0e0f3
Event: 42.308 Thread 0x00000282d9beda00 Exception <a 'java/lang/NullPointerException'{0x00000000eb09bc80}> (0x00000000eb09bc80) 
thrown [s\src\hotspot\share\runtime\sharedRuntime.cpp, line 631]
Event: 42.308 Thread 0x00000282d9beda00 Implicit null exception at 0x00000282c2e0d0e6 to 0x00000282c2e0e0f3
Event: 42.308 Thread 0x00000282d9beda00 Exception <a 'java/lang/NullPointerException'{0x00000000eb09c748}> (0x00000000eb09c748) 
thrown [s\src\hotspot\share\runtime\sharedRuntime.cpp, line 631]
Event: 42.308 Thread 0x00000282d9beda00 Implicit null exception at 0x00000282c2e0d0e6 to 0x00000282c2e0e0f3
Event: 42.308 Thread 0x00000282d9beda00 Exception <a 'java/lang/NullPointerException'{0x00000000eb09d1d8}> (0x00000000eb09d1d8) 
thrown [s\src\hotspot\share\runtime\sharedRuntime.cpp, line 631]
Event: 224.918 Thread 0x00000282d9beda00 Exception <a 'sun/nio/fs/WindowsException'{0x00000000eb16f5c0}> (0x00000000eb16f5c0) 
thrown [s\src\hotspot\share\prims\jni.cpp, line 516]
Event: 224.987 Thread 0x00000282d9beda00 Exception <a 'sun/nio/fs/WindowsException'{0x00000000eb21ca48}> (0x00000000eb21ca48) 
thrown [s\src\hotspot\share\prims\jni.cpp, line 516]
Event: 234.028 Thread 0x00000282db1461a0 Exception <a 'java/lang/ArrayIndexOutOfBoundsException'{0x00000000eb5816d0}: Index 2115 out of bounds for length 2114> (0x00000000eb5816d0) 
thrown [s\src\hotspot\share\interpreter\interpreterRuntime.cpp, line 428]
Event: 326.593 Thread 0x00000282db13f750 Implicit null exception at 0x00000282ca5fe960 to 0x00000282ca5fec9c
Event: 326.628 Thread 0x00000282db13f750 Exception <a 'java/lang/NoSuchMethodError'{0x00000000eb0d0ae8}: 'java.lang.Object java.lang.invoke.DirectMethodHandle$Holder.newInvokeSpecial(java.lang.Object, java.lang.Object, java.lang.Object, java.lang.Object, java.lang.Object, java.lang.Object, java.lang.Object, java.lang.Object)'> (0x00000000eb0d0ae8) 
thrown [s\src\hotspot\share\interpreter\linkResolver.cpp, line 759]
Event: 326.629 Thread 0x00000282db13f750 Exception <a 'java/lang/NoSuchMethodError'{0x00000000eb0d6058}: 'java.lang.Object java.lang.invoke.DirectMethodHandle$Holder.invokeSpecial(java.lang.Object, java.lang.Object, java.lang.Object, java.lang.Object, java.lang.Object, java.lang.Object, java.lang.Object, java.lang.Object, java.lang.Object)'> (0x00000000eb0d6058) 
thrown [s\src\hotspot\share\interpreter\linkResolver.cpp, line 759]
Event: 326.630 Thread 0x00000282db13f750 Exception <a 'java/lang/NoSuchMethodError'{0x00000000eb0dac08}: 'java.lang.Object java.lang.invoke.Invokers$Holder.linkToTargetMethod(java.lang.Object, java.lang.Object, java.lang.Object, java.lang.Object, java.lang.Object, java.lang.Object, java.lang.Object, java.lang.Object)'> (0x00000000eb0dac08) 
thrown [s\src\hotspot\share\interpreter\linkResolver.cpp, line 759]
Event: 1470.958 Thread 0x00000282d9beda00 Exception <a 'sun/nio/fs/WindowsException'{0x00000000eb3e27a0}> (0x00000000eb3e27a0) 
thrown [s\src\hotspot\share\prims\jni.cpp, line 516]
Event: 1470.989 Thread 0x00000282d9beda00 Exception <a 'sun/nio/fs/WindowsException'{0x00000000eb5a71c8}> (0x00000000eb5a71c8) 
thrown [s\src\hotspot\share\prims\jni.cpp, line 516]
Event: 1471.278 Thread 0x00000282db1461a0 Exception <a 'java/lang/ArrayIndexOutOfBoundsException'{0x00000000eb7a36d0}> (0x00000000eb7a36d0) 
thrown [s\src\hotspot\share\runtime\sharedRuntime.cpp, line 631]

VM Operations (20 events):
Event: 2043.825 Executing VM operation: HandshakeAllThreads
Event: 2043.825 Executing VM operation: HandshakeAllThreads done
Event: 2103.976 Executing VM operation: HandshakeAllThreads
Event: 2103.976 Executing VM operation: HandshakeAllThreads done
Event: 2119.103 Executing VM operation: Cleanup
Event: 2119.103 Executing VM operation: Cleanup done
Event: 2224.367 Executing VM operation: HandshakeAllThreads
Event: 2224.367 Executing VM operation: HandshakeAllThreads done
Event: 2284.407 Executing VM operation: HandshakeAllThreads
Event: 2284.407 Executing VM operation: HandshakeAllThreads done
Event: 2404.667 Executing VM operation: HandshakeAllThreads
Event: 2404.667 Executing VM operation: HandshakeAllThreads done
Event: 2585.136 Executing VM operation: HandshakeAllThreads
Event: 2585.136 Executing VM operation: HandshakeAllThreads done
Event: 2825.503 Executing VM operation: HandshakeAllThreads
Event: 2825.503 Executing VM operation: HandshakeAllThreads done
Event: 3005.936 Executing VM operation: HandshakeAllThreads
Event: 3005.936 Executing VM operation: HandshakeAllThreads done
Event: 3066.062 Executing VM operation: HandshakeAllThreads
Event: 3066.062 Executing VM operation: HandshakeAllThreads done

Events (20 events):
Event: 1476.609 Thread 0x00000282d925b800 flushing nmethod 0x00000282c3ac9610
Event: 1476.610 Thread 0x00000282d925b800 flushing nmethod 0x00000282c3bb2a10
Event: 1476.612 Thread 0x00000282d925b800 flushing nmethod 0x00000282c3e51410
Event: 1477.407 Thread 0x00000282dd55cab0 Thread exited: 0x00000282dd55cab0
Event: 1477.540 Thread 0x00000282dd55cab0 Thread added: 0x00000282dd55cab0
Event: 1478.509 Thread 0x00000282dd55cab0 Thread exited: 0x00000282dd55cab0
Event: 1543.286 Thread 0x00000282db13fc60 Thread exited: 0x00000282db13fc60
Event: 1597.761 Thread 0x00000282db13f750 Thread exited: 0x00000282db13f750
Event: 1603.288 Thread 0x00000282db1461a0 Thread exited: 0x00000282db1461a0
Event: 1663.293 Thread 0x00000282db145c90 Thread exited: 0x00000282db145c90
Event: 1770.767 Thread 0x00000282db145c90 Thread added: 0x00000282db145c90
Event: 1770.768 Thread 0x00000282db1461a0 Thread added: 0x00000282db1461a0
Event: 1770.768 Thread 0x00000282db13f750 Thread added: 0x00000282db13f750
Event: 1770.768 Thread 0x00000282db145c90 Thread exited: 0x00000282db145c90
Event: 1770.768 Thread 0x00000282db1461a0 Thread exited: 0x00000282db1461a0
Event: 1770.769 Thread 0x00000282db13f750 Thread exited: 0x00000282db13f750
Event: 1770.890 Thread 0x00000282db145c90 Thread added: 0x00000282db145c90
Event: 1950.908 Thread 0x00000282db145c90 Thread exited: 0x00000282db145c90
Event: 2162.055 Thread 0x00000282db145c90 Thread added: 0x00000282db145c90
Event: 2222.062 Thread 0x00000282db145c90 Thread exited: 0x00000282db145c90


Dynamic libraries:
0x00007ff7e93b0000 - 0x00007ff7e93be000 	c:\Users\hrish\.vscode\extensions\redhat.java-1.28.1-win32-x64\jre\17.0.10-win32-x86_64\bin\java.exe
0x00007fff3b4f0000 - 0x00007fff3b707000 	C:\Windows\SYSTEM32\ntdll.dll
0x00007fff3af80000 - 0x00007fff3b044000 	C:\Windows\System32\KERNEL32.DLL
0x00007fff38cc0000 - 0x00007fff39066000 	C:\Windows\System32\KERNELBASE.dll
0x00007fff389a0000 - 0x00007fff38ab1000 	C:\Windows\System32\ucrtbase.dll
0x00007fff251a0000 - 0x00007fff251b7000 	c:\Users\hrish\.vscode\extensions\redhat.java-1.28.1-win32-x64\jre\17.0.10-win32-x86_64\bin\jli.dll
0x00007fff3a3c0000 - 0x00007fff3a56e000 	C:\Windows\System32\USER32.dll
0x00007fff39190000 - 0x00007fff391b6000 	C:\Windows\System32\win32u.dll
0x00007fff3b480000 - 0x00007fff3b4a9000 	C:\Windows\System32\GDI32.dll
0x00007fff39070000 - 0x00007fff39188000 	C:\Windows\System32\gdi32full.dll
0x00007fff38ac0000 - 0x00007fff38b5a000 	C:\Windows\System32\msvcp_win.dll
0x00007fff25050000 - 0x00007fff2506b000 	c:\Users\hrish\.vscode\extensions\redhat.java-1.28.1-win32-x64\jre\17.0.10-win32-x86_64\bin\VCRUNTIME140.dll
0x00007fff243d0000 - 0x00007fff24663000 	C:\Windows\WinSxS\amd64_microsoft.windows.common-controls_6595b64144ccf1df_6.0.22621.2506_none_270c5ae97388e100\COMCTL32.dll
0x00007fff3a270000 - 0x00007fff3a317000 	C:\Windows\System32\msvcrt.dll
0x00007fff3a320000 - 0x00007fff3a351000 	C:\Windows\System32\IMM32.DLL
0x00007fff30510000 - 0x00007fff3051c000 	c:\Users\hrish\.vscode\extensions\redhat.java-1.28.1-win32-x64\jre\17.0.10-win32-x86_64\bin\vcruntime140_1.dll
0x00007fff04f30000 - 0x00007fff04fbd000 	c:\Users\hrish\.vscode\extensions\redhat.java-1.28.1-win32-x64\jre\17.0.10-win32-x86_64\bin\msvcp140.dll
0x00007ffecc300000 - 0x00007ffeccf62000 	c:\Users\hrish\.vscode\extensions\redhat.java-1.28.1-win32-x64\jre\17.0.10-win32-x86_64\bin\server\jvm.dll
0x00007fff3a840000 - 0x00007fff3a8f3000 	C:\Windows\System32\ADVAPI32.dll
0x00007fff3aed0000 - 0x00007fff3af78000 	C:\Windows\System32\sechost.dll
0x00007fff38c20000 - 0x00007fff38c48000 	C:\Windows\System32\bcrypt.dll
0x00007fff392e0000 - 0x00007fff393f7000 	C:\Windows\System32\RPCRT4.dll
0x00007fff38700000 - 0x00007fff3874d000 	C:\Windows\SYSTEM32\POWRPROF.dll
0x00007fff17360000 - 0x00007fff17369000 	C:\Windows\SYSTEM32\WSOCK32.dll
0x00007fff3b0e0000 - 0x00007fff3b151000 	C:\Windows\System32\WS2_32.dll
0x00007fff320c0000 - 0x00007fff320f4000 	C:\Windows\SYSTEM32\WINMM.dll
0x00007fff33290000 - 0x00007fff3329a000 	C:\Windows\SYSTEM32\VERSION.dll
0x00007fff386e0000 - 0x00007fff386f3000 	C:\Windows\SYSTEM32\UMPDC.dll
0x00007fff37870000 - 0x00007fff37888000 	C:\Windows\SYSTEM32\kernel.appcore.dll
0x00007fff24f20000 - 0x00007fff24f2a000 	c:\Users\hrish\.vscode\extensions\redhat.java-1.28.1-win32-x64\jre\17.0.10-win32-x86_64\bin\jimage.dll
0x00007fff36190000 - 0x00007fff363c3000 	C:\Windows\SYSTEM32\DBGHELP.DLL
0x00007fff3a9e0000 - 0x00007fff3ad69000 	C:\Windows\System32\combase.dll
0x00007fff3a900000 - 0x00007fff3a9d7000 	C:\Windows\System32\OLEAUT32.dll
0x00007fff30ff0000 - 0x00007fff31022000 	C:\Windows\SYSTEM32\dbgcore.DLL
0x00007fff391c0000 - 0x00007fff3923a000 	C:\Windows\System32\bcryptPrimitives.dll
0x00007fff24a00000 - 0x00007fff24a0e000 	c:\Users\hrish\.vscode\extensions\redhat.java-1.28.1-win32-x64\jre\17.0.10-win32-x86_64\bin\instrument.dll
0x00007fff13f60000 - 0x00007fff13f85000 	c:\Users\hrish\.vscode\extensions\redhat.java-1.28.1-win32-x64\jre\17.0.10-win32-x86_64\bin\java.dll
0x00007fff1c020000 - 0x00007fff1c038000 	c:\Users\hrish\.vscode\extensions\redhat.java-1.28.1-win32-x64\jre\17.0.10-win32-x86_64\bin\zip.dll
0x00007fff399b0000 - 0x00007fff3a20b000 	C:\Windows\System32\SHELL32.dll
0x00007fff36790000 - 0x00007fff37086000 	C:\Windows\SYSTEM32\windows.storage.dll
0x00007fff36650000 - 0x00007fff3678e000 	C:\Windows\SYSTEM32\wintypes.dll
0x00007fff3a740000 - 0x00007fff3a833000 	C:\Windows\System32\SHCORE.dll
0x00007fff3b050000 - 0x00007fff3b0ae000 	C:\Windows\System32\shlwapi.dll
0x00007fff38760000 - 0x00007fff38786000 	C:\Windows\SYSTEM32\profapi.dll
0x00007fff1bfa0000 - 0x00007fff1bfb9000 	C:\Users\hrish\.vscode\extensions\redhat.java-1.28.1-win32-x64\jre\17.0.10-win32-x86_64\bin\net.dll
0x00007fff325d0000 - 0x00007fff32707000 	C:\Windows\SYSTEM32\WINHTTP.dll
0x00007fff37cf0000 - 0x00007fff37d59000 	C:\Windows\system32\mswsock.dll
0x00007fff1bdc0000 - 0x00007fff1bdd6000 	C:\Users\hrish\.vscode\extensions\redhat.java-1.28.1-win32-x64\jre\17.0.10-win32-x86_64\bin\nio.dll
0x00007fff24670000 - 0x00007fff24680000 	c:\Users\hrish\.vscode\extensions\redhat.java-1.28.1-win32-x64\jre\17.0.10-win32-x86_64\bin\verify.dll
0x00007fff0e300000 - 0x00007fff0e33e000 	C:\Users\hrish\AppData\Roaming\Code\User\globalStorage\redhat.java\1.28.1\config_win\org.eclipse.equinox.launcher\org.eclipse.equinox.launcher.win32.win32.x86_64_1.2.900.v20240129-1338\eclipse_11900.dll
0x00007fff3b210000 - 0x00007fff3b3b0000 	C:\Windows\System32\ole32.dll
0x00007fff37f40000 - 0x00007fff37f5b000 	C:\Windows\SYSTEM32\CRYPTSP.dll
0x00007fff377d0000 - 0x00007fff37805000 	C:\Windows\system32\rsaenh.dll
0x00007fff37de0000 - 0x00007fff37e0c000 	C:\Windows\SYSTEM32\USERENV.dll
0x00007fff37f60000 - 0x00007fff37f6c000 	C:\Windows\SYSTEM32\CRYPTBASE.dll
0x00007fff372f0000 - 0x00007fff3731d000 	C:\Windows\SYSTEM32\IPHLPAPI.DLL
0x00007fff3a570000 - 0x00007fff3a579000 	C:\Windows\System32\NSI.dll
0x00007fff324a0000 - 0x00007fff324b9000 	C:\Windows\SYSTEM32\dhcpcsvc6.DLL
0x00007fff32480000 - 0x00007fff3249f000 	C:\Windows\SYSTEM32\dhcpcsvc.DLL
0x00007fff37360000 - 0x00007fff37459000 	C:\Windows\SYSTEM32\DNSAPI.dll
0x00007fff04e60000 - 0x00007fff04ea5000 	C:\Users\hrish\AppData\Local\Temp\jna-99546932\jna15267983966074815822.dll
0x00007fff3b0d0000 - 0x00007fff3b0d8000 	C:\Windows\System32\PSAPI.DLL
0x00007fff33310000 - 0x00007fff3331e000 	C:\Users\hrish\.vscode\extensions\redhat.java-1.28.1-win32-x64\jre\17.0.10-win32-x86_64\bin\sunmscapi.dll
0x00007fff38830000 - 0x00007fff38996000 	C:\Windows\System32\CRYPT32.dll
0x00007fff38100000 - 0x00007fff3812e000 	C:\Windows\SYSTEM32\ncrypt.dll
0x00007fff380c0000 - 0x00007fff380f7000 	C:\Windows\SYSTEM32\NTASN1.dll

dbghelp: loaded successfully - version: 4.0.5 - missing functions: none
symbol engine: initialized successfully - sym options: 0x614 - pdb path: .;c:\Users\hrish\.vscode\extensions\redhat.java-1.28.1-win32-x64\jre\17.0.10-win32-x86_64\bin;C:\Windows\SYSTEM32;C:\Windows\WinSxS\amd64_microsoft.windows.common-controls_6595b64144ccf1df_6.0.22621.2506_none_270c5ae97388e100;c:\Users\hrish\.vscode\extensions\redhat.java-1.28.1-win32-x64\jre\17.0.10-win32-x86_64\bin\server;C:\Users\hrish\AppData\Roaming\Code\User\globalStorage\redhat.java\1.28.1\config_win\org.eclipse.equinox.launcher\org.eclipse.equinox.launcher.win32.win32.x86_64_1.2.900.v20240129-1338;C:\Users\hrish\AppData\Local\Temp\jna-99546932

VM Arguments:
jvm_args: --add-modules=ALL-SYSTEM --add-opens=java.base/java.util=ALL-UNNAMED --add-opens=java.base/java.lang=ALL-UNNAMED --add-opens=java.base/sun.nio.fs=ALL-UNNAMED -Declipse.application=org.eclipse.jdt.ls.core.id1 -Dosgi.bundles.defaultStartLevel=4 -Declipse.product=org.eclipse.jdt.ls.core.product -Djava.import.generatesMetadataFilesAtProjectRoot=false -DDetectVMInstallationsJob.disabled=true -Dfile.encoding=utf8 -XX:+UseParallelGC -XX:GCTimeRatio=4 -XX:AdaptiveSizePolicyWeight=90 -Dsun.zip.disableMemoryMapping=true -Xmx1G -Xms100m -Xlog:disable -javaagent:c:\Users\hrish\.vscode\extensions\redhat.java-1.28.1-win32-x64\lombok\lombok-1.18.31.jar -XX:+HeapDumpOnOutOfMemoryError -XX:HeapDumpPath=c:\Users\hrish\AppData\Roaming\Code\User\workspaceStorage\a3a3125bfb11ad5ff8687cbc75eb15c4\redhat.java -Daether.dependencyCollector.impl=bf 
java_command: c:\Users\hrish\.vscode\extensions\redhat.java-1.28.1-win32-x64\server\plugins\org.eclipse.equinox.launcher_1.6.700.v20231214-2017.jar -configuration c:\Users\hrish\AppData\Roaming\Code\User\globalStorage\redhat.java\1.28.1\config_win -data c:\Users\hrish\AppData\Roaming\Code\User\workspaceStorage\a3a3125bfb11ad5ff8687cbc75eb15c4\redhat.java\jdt_ws --stdio
java_class_path (initial): c:\Users\hrish\.vscode\extensions\redhat.java-1.28.1-win32-x64\server\plugins\org.eclipse.equinox.launcher_1.6.700.v20231214-2017.jar
Launcher Type: SUN_STANDARD

[Global flags]
    uintx AdaptiveSizePolicyWeight                 = 90                                        {product} {command line}
     intx CICompilerCount                          = 3                                         {product} {ergonomic}
    uintx GCTimeRatio                              = 4                                         {product} {command line}
     bool HeapDumpOnOutOfMemoryError               = true                                   {manageable} {command line}
    ccstr HeapDumpPath                             = c:\Users\hrish\AppData\Roaming\Code\User\workspaceStorage\a3a3125bfb11ad5ff8687cbc75eb15c4\redhat.java         {manageable} {command line}
   size_t InitialHeapSize                          = 104857600                                 {product} {command line}
   size_t MaxHeapSize                              = 1073741824                                {product} {command line}
   size_t MaxNewSize                               = 357564416                                 {product} {ergonomic}
   size_t MinHeapDeltaBytes                        = 524288                                    {product} {ergonomic}
   size_t MinHeapSize                              = 104857600                                 {product} {command line}
   size_t NewSize                                  = 34603008                                  {product} {ergonomic}
    uintx NonNMethodCodeHeapSize                   = 5832780                                {pd product} {ergonomic}
    uintx NonProfiledCodeHeapSize                  = 122912730                              {pd product} {ergonomic}
   size_t OldSize                                  = 70254592                                  {product} {ergonomic}
    uintx ProfiledCodeHeapSize                     = 122912730                              {pd product} {ergonomic}
    uintx ReservedCodeCacheSize                    = 251658240                              {pd product} {ergonomic}
     bool SegmentedCodeCache                       = true                                      {product} {ergonomic}
   size_t SoftMaxHeapSize                          = 1073741824                             {manageable} {ergonomic}
     bool UseCompressedClassPointers               = true                           {product lp64_product} {ergonomic}
     bool UseCompressedOops                        = true                           {product lp64_product} {ergonomic}
     bool UseLargePagesIndividualAllocation        = false                                  {pd product} {ergonomic}
     bool UseParallelGC                            = true                                      {product} {command line}

Logging:
Log output configuration:
 #0: stdout all=off uptime,level,tags
 #1: stderr all=off uptime,level,tags

Environment Variables:
PATH=C:\Program Files\Microsoft\jdk-11.0.16.101-hotspot\bin;C:\Program Files\Common Files\Oracle\Java\javapath;C:\Windows\system32;C:\Windows;C:\Windows\System32\Wbem;C:\Windows\System32\WindowsPowerShell\v1.0\;C:\Windows\System32\OpenSSH\;C:\Program Files\nodejs\;C:\Program Files\Amazon\AWSCLIV2\;C:\Program Files\Git\cmd;C:\Users\hrish\AppData\Local\Programs\Python\Launcher\;C:\Users\hrish\AppData\Local\Microsoft\WindowsApps;C:\Users\hrish\AppData\Local\Programs\Microsoft VS Code\bin;C:\Users\hrish\AppData\Roaming\npm;C:\Users\hrish\AppData\Local\Programs\Python\Python312\Scripts;C:\Users\hrish\AppData\Local\Programs\Python\Python312;C:\Users\hrish\AppData\Local\GitHubDesktop\bin;C:\Users\hrish\flutter\bin;C:\Program Files\Git\bin;C:\Users\hrish\AppData\Local\Pub\Cache\bin;
USERNAME=hrish
OS=Windows_NT
PROCESSOR_IDENTIFIER=Intel64 Family 6 Model 142 Stepping 10, GenuineIntel
TMP=C:\Users\hrish\AppData\Local\Temp
TEMP=C:\Users\hrish\AppData\Local\Temp



Periodic native trim disabled


---------------  S Y S T E M  ---------------

OS:
 Windows 11 , 64 bit Build 22621 (10.0.22621.3085)
OS uptime: 2 days 20:43 hours

CPU: total 4 (initial active 4) (2 cores per cpu, 2 threads per core) family 6 model 142 stepping 10 microcode 0xe0, cx8, cmov, fxsr, ht, mmx, 3dnowpref, sse, sse2, sse3, ssse3, sse4.1, sse4.2, popcnt, lzcnt, tsc, tscinvbit, avx, avx2, aes, erms, clmul, bmi1, bmi2, adx, fma, vzeroupper, clflush, clflushopt
Processor Information for all 4 processors :
  Max Mhz: 2208, Current Mhz: 2208, Mhz Limit: 2208

Memory: 4k page, system-wide physical 12193M (6431M free)
TotalPageFile size 20897M (AvailPageFile size 13823M)
current process WorkingSet (physical memory assigned to process): 210M, peak: 397M
current process commit charge ("private bytes"): 348M, peak: 456M

vm_info: OpenJDK 64-Bit Server VM (17.0.10+7) for windows-amd64 JRE (17.0.10+7), built on Jan 16 2024 23:25:11 by "admin" with MS VC++ 16.10 / 16.11 (VS2019)

END.
